<?xml version="1.0" encoding="UTF-8"?>
<coverage generated="1520148217898" clover="3.2.0">
  <project timestamp="1520148217899" name="All files">
    <metrics statements="9" coveredstatements="8" conditionals="0" coveredconditionals="0" methods="5" coveredmethods="4" elements="14" coveredelements="12" complexity="0" loc="9" ncloc="9" packages="1" files="2" classes="2">
      <file name="search.jsx" path="/Users/hepiskafranatagola/project/playground/react-from-Scratch/src/search.jsx">
        <metrics statements="4" coveredstatements="4" conditionals="0" coveredconditionals="0" methods="4" coveredmethods="4"/>
        <line num="10" count="1" type="stmt"/>
        <line num="13" count="3" type="stmt"/>
        <line num="28" count="45" type="stmt"/>
        <line num="32" count="32" type="stmt"/>
      </file>
      <file name="showCard.jsx" path="/Users/hepiskafranatagola/project/playground/react-from-Scratch/src/showCard.jsx">
        <metrics statements="5" coveredstatements="4" conditionals="0" coveredconditionals="0" methods="1" coveredmethods="0"/>
        <line num="5" count="1" type="stmt"/>
        <line num="14" count="1" type="stmt"/>
        <line num="20" count="1" type="stmt"/>
        <line num="21" count="0" type="stmt"/>
        <line num="33" count="1" type="stmt"/>
      </file>
    </metrics>
  </project>
</coverage>
