{"/Users/hepiskafranatagola/project/playground/react-from-Scratch/src/search.jsx": {"path":"/Users/hepiskafranatagola/project/playground/react-from-Scratch/src/search.jsx","statementMap":{"0":{"start":{"line":10,"column":4},"end":{"line":10,"column":54}},"1":{"start":{"line":13,"column":4},"end":{"line":35,"column":6}},"2":{"start":{"line":28,"column":16},"end":{"line":30,"column":68}},"3":{"start":{"line":32,"column":25},"end":{"line":32,"column":65}}},"fnMap":{"0":{"name":"(anonymous_0)","decl":{"start":{"line":9,"column":17},"end":{"line":9,"column":18}},"loc":{"start":{"line":9,"column":26},"end":{"line":11,"column":3}},"line":9},"1":{"name":"(anonymous_1)","decl":{"start":{"line":12,"column":2},"end":{"line":12,"column":3}},"loc":{"start":{"line":12,"column":11},"end":{"line":36,"column":3}},"line":12},"2":{"name":"(anonymous_2)","decl":{"start":{"line":27,"column":14},"end":{"line":27,"column":15}},"loc":{"start":{"line":28,"column":16},"end":{"line":30,"column":68}},"line":28},"3":{"name":"(anonymous_3)","decl":{"start":{"line":32,"column":17},"end":{"line":32,"column":18}},"loc":{"start":{"line":32,"column":25},"end":{"line":32,"column":65}},"line":32}},"branchMap":{},"s":{"0":1,"1":3,"2":45,"3":32},"f":{"0":1,"1":3,"2":45,"3":32},"b":{},"_coverageSchema":"332fd63041d2c1bcb487cc26dd0d5f7d97098a6c","hash":"edd2d966a6e80a2522f5d117c167482ec62a8ef2"}
,"/Users/hepiskafranatagola/project/playground/react-from-Scratch/src/showCard.jsx": {"path":"/Users/hepiskafranatagola/project/playground/react-from-Scratch/src/showCard.jsx","statementMap":{"0":{"start":{"line":5,"column":16},"end":{"line":12,"column":1}},"1":{"start":{"line":14,"column":14},"end":{"line":18,"column":1}},"2":{"start":{"line":20,"column":17},"end":{"line":32,"column":1}},"3":{"start":{"line":21,"column":2},"end":{"line":31,"column":12}},"4":{"start":{"line":33,"column":0},"end":{"line":38,"column":2}}},"fnMap":{"0":{"name":"(anonymous_0)","decl":{"start":{"line":20,"column":17},"end":{"line":20,"column":18}},"loc":{"start":{"line":21,"column":2},"end":{"line":31,"column":12}},"line":21}},"branchMap":{},"s":{"0":1,"1":1,"2":1,"3":0,"4":1},"f":{"0":0},"b":{},"_coverageSchema":"332fd63041d2c1bcb487cc26dd0d5f7d97098a6c","hash":"f9b7275497a9626fc8f473951cff76d0e2dfdbcd"}
}
