TN:
SF:/Users/hepiskafranatagola/project/playground/react-from-Scratch/src/search.jsx
FN:9,(anonymous_0)
FN:12,(anonymous_1)
FN:27,(anonymous_2)
FN:32,(anonymous_3)
FNF:4
FNH:4
FNDA:1,(anonymous_0)
FNDA:3,(anonymous_1)
FNDA:45,(anonymous_2)
FNDA:32,(anonymous_3)
DA:10,1
DA:13,3
DA:28,45
DA:32,32
LF:4
LH:4
BRF:0
BRH:0
end_of_record
TN:
SF:/Users/hepiskafranatagola/project/playground/react-from-Scratch/src/showCard.jsx
FN:20,(anonymous_0)
FNF:1
FNH:0
FNDA:0,(anonymous_0)
DA:5,1
DA:14,1
DA:20,1
DA:21,0
DA:33,1
LF:5
LH:4
BRF:0
BRH:0
end_of_record
